<?xml version="1.0" encoding="UTF-8"?>
<!-- Generated by org.testng.reporters.JUnitReportReporter -->
<testsuite hostname="Savitri" failures="0" tests="3" name="TestClass.HomePageTest" time="13.375" errors="0" timestamp="2023-12-22T14:19:59 IST" skipped="0">
  <testcase classname="TestClass.HomePageTest" name="hyperlinkUrlTest" time="5.287"/>
  <testcase classname="TestClass.HomePageTest" name="homepageTitleTest" time="4.265"/>
  <testcase classname="TestClass.HomePageTest" name="findTecketTest" time="3.823"/>
</testsuite> <!-- TestClass.HomePageTest -->
