<?xml version="1.0" encoding="UTF-8"?>
<!-- Generated by org.testng.reporters.JUnitReportReporter -->
<testsuite hostname="Savitri" failures="0" tests="3" name="TestClass.HomePageTest" time="20.127" errors="0" timestamp="2023-12-22T20:20:58 IST" skipped="0">
  <testcase classname="TestClass.HomePageTest" name="findTecketTest" time="6.675"/>
  <testcase classname="TestClass.HomePageTest" name="homepageTitleTest" time="6.005"/>
  <testcase classname="TestClass.HomePageTest" name="hyperlinkUrlTest" time="7.447"/>
</testsuite> <!-- TestClass.HomePageTest -->
