<?xml version="1.0" encoding="UTF-8"?>
<!-- Generated by org.testng.reporters.JUnitReportReporter -->
<testsuite hostname="Savitri" failures="0" tests="1" name="TestClass.ConfirmationPageTest" time="14.494" errors="0" timestamp="17 Nov 2023 08:45:30 GMT" skipped="0">
  <testcase classname="TestClass.ConfirmationPageTest" name="printIdTest" time="14.494"/>
</testsuite> <!-- TestClass.ConfirmationPageTest -->
