<?xml version="1.0" encoding="UTF-8"?>
<!-- Generated by org.testng.reporters.JUnitReportReporter -->
<testsuite hostname="Savitri" failures="0" tests="2" name="TestClass.PurchagePageTest" time="13.188" errors="0" timestamp="17 Nov 2023 08:45:06 GMT" skipped="0">
  <testcase classname="TestClass.PurchagePageTest" name="verifyTotalCostTest" time="7.344"/>
  <testcase classname="TestClass.PurchagePageTest" name="verifyPurchageFlightBtn" time="5.844"/>
</testsuite> <!-- TestClass.PurchagePageTest -->
