<?xml version="1.0" encoding="UTF-8"?>
<!-- Generated by org.testng.reporters.JUnitReportReporter -->
<testsuite hostname="Savitri" failures="0" tests="1" name="TestClass.ReservePageTest" time="8.851" errors="0" timestamp="22 Dec 2023 02:36:41 GMT" skipped="0">
  <testcase classname="TestClass.ReservePageTest" name="findLowestPrizeFlightTest" time="8.851"/>
</testsuite> <!-- TestClass.ReservePageTest -->
