<?xml version="1.0" encoding="UTF-8"?>
<!-- Generated by org.testng.reporters.JUnitReportReporter -->
<testsuite hostname="Savitri" failures="0" tests="3" name="TestClass.HomePageTest" time="14.639" errors="0" timestamp="22 Dec 2023 02:38:00 GMT" skipped="0">
  <testcase classname="TestClass.HomePageTest" name="hyperlinkUrlTest" time="7.285"/>
  <testcase classname="TestClass.HomePageTest" name="findTecketTest" time="4.256"/>
  <testcase classname="TestClass.HomePageTest" name="homepageTitleTest" time="3.098"/>
</testsuite> <!-- TestClass.HomePageTest -->
