<?xml version="1.0" encoding="UTF-8"?>
<!-- Generated by org.testng.reporters.JUnitReportReporter -->
<testsuite hostname="Savitri" failures="0" tests="1" name="TestClass.LoginTest" time="11.000" errors="0" timestamp="17 Nov 2023 03:23:08 GMT" skipped="0">
  <testcase classname="TestClass.LoginTest" name="loginFunTest" time="11.000"/>
</testsuite> <!-- TestClass.LoginTest -->
